\BOOKMARK [0][-]{section*.1}{\315ndex}{}% 1
\BOOKMARK [0][-]{section*.2}{\315ndex de figures}{}% 2
\BOOKMARK [0][-]{section*.3}{\315ndex de taules}{}% 3
\BOOKMARK [0][-]{chapter.1}{Introducci\363n}{}% 4
\BOOKMARK [1][-]{section.1.1}{Motivaci\363n}{chapter.1}% 5
\BOOKMARK [1][-]{section.1.2}{Objetivos}{chapter.1}% 6
\BOOKMARK [1][-]{section.1.3}{ Impacto esperado }{chapter.1}% 7
\BOOKMARK [1][-]{section.1.4}{Estructura de la mem\363ria}{chapter.1}% 8
\BOOKMARK [1][-]{section.1.5}{ODS}{chapter.1}% 9
\BOOKMARK [0][-]{chapter.2}{FPGA}{}% 10
\BOOKMARK [1][-]{section.2.1}{FPGA vs Otras tecnologias}{chapter.2}% 11
\BOOKMARK [0][-]{chapter.3}{Preparacion del entorno}{}% 12
\BOOKMARK [0][-]{chapter.4}{Realizar una codigo sintetizable}{}% 13
\BOOKMARK [0][-]{chapter.5}{Optimizacion del codigo}{}% 14
\BOOKMARK [1][-]{section.5.1}{Directivas \043pragma}{chapter.5}% 15
\BOOKMARK [1][-]{section.5.2}{Librerias HLS}{chapter.5}% 16
\BOOKMARK [1][-]{section.5.3}{TMP Template metaprograming}{chapter.5}% 17
\BOOKMARK [0][-]{chapter.6}{Version Final: Red neuronal}{}% 18
\BOOKMARK [0][-]{chapter.7}{Conclusions}{}% 19
\BOOKMARK [0][-]{chapter*.4}{Bibliografia}{}% 20
\BOOKMARK [0][-]{appendix.A}{Configuraci\363 del sistema}{}% 21
\BOOKMARK [1][-]{section.A.1}{Fase d'inicialitzaci\363}{appendix.A}% 22
\BOOKMARK [1][-]{section.A.2}{Identificaci\363 de dispositius}{appendix.A}% 23
\BOOKMARK [0][-]{appendix.B}{??? ???????????? ????}{}% 24
